<?xml version="1.0" encoding="UTF-8"?>
<testsuite name="co.com.ceiba.dominio.unitaria.service.VehiculoServiceTest" tests="1" skipped="0" failures="0" errors="0" timestamp="2018-07-10T20:07:34" hostname="MILENA-CARDENAS" time="0.804">
  <properties/>
  <testcase name="listarVehiculosTest" classname="co.com.ceiba.dominio.unitaria.service.VehiculoServiceTest" time="0.804"/>
  <system-out><![CDATA[2018-07-10 15:07:34.304  INFO 18264 --- [    Test worker] .b.t.c.SpringBootTestContextBootstrapper : Neither @ContextConfiguration nor @ContextHierarchy found for test class [co.com.ceiba.dominio.unitaria.service.VehiculoServiceTest], using SpringBootContextLoader
2018-07-10 15:07:34.306  INFO 18264 --- [    Test worker] o.s.t.c.support.AbstractContextLoader    : Could not detect default resource locations for test class [co.com.ceiba.dominio.unitaria.service.VehiculoServiceTest]: no resource found for suffixes {-context.xml, Context.groovy}.
2018-07-10 15:07:34.307  INFO 18264 --- [    Test worker] t.c.s.AnnotationConfigContextLoaderUtils : Could not detect default configuration classes for test class [co.com.ceiba.dominio.unitaria.service.VehiculoServiceTest]: VehiculoServiceTest does not declare any static, non-private, non-final, nested classes annotated with @Configuration.
2018-07-10 15:07:34.326  INFO 18264 --- [    Test worker] .b.t.c.SpringBootTestContextBootstrapper : Found @SpringBootConfiguration co.com.ceiba.CeibaEstacionamientoApplication for test class co.com.ceiba.dominio.unitaria.service.VehiculoServiceTest
2018-07-10 15:07:34.332  INFO 18264 --- [    Test worker] .b.t.c.SpringBootTestContextBootstrapper : Loaded default TestExecutionListener class names from location [META-INF/spring.factories]: [org.springframework.boot.test.autoconfigure.restdocs.RestDocsTestExecutionListener, org.springframework.boot.test.autoconfigure.web.client.MockRestServiceServerResetTestExecutionListener, org.springframework.boot.test.autoconfigure.web.servlet.MockMvcPrintOnlyOnFailureTestExecutionListener, org.springframework.boot.test.autoconfigure.web.servlet.WebDriverTestExecutionListener, org.springframework.boot.test.mock.mockito.MockitoTestExecutionListener, org.springframework.boot.test.mock.mockito.ResetMocksTestExecutionListener, org.springframework.test.context.web.ServletTestExecutionListener, org.springframework.test.context.support.DirtiesContextBeforeModesTestExecutionListener, org.springframework.test.context.support.DependencyInjectionTestExecutionListener, org.springframework.test.context.support.DirtiesContextTestExecutionListener, org.springframework.test.context.transaction.TransactionalTestExecutionListener, org.springframework.test.context.jdbc.SqlScriptsTestExecutionListener]
2018-07-10 15:07:34.333  INFO 18264 --- [    Test worker] .b.t.c.SpringBootTestContextBootstrapper : Using TestExecutionListeners: [org.springframework.test.context.web.ServletTestExecutionListener@62175d46, org.springframework.test.context.support.DirtiesContextBeforeModesTestExecutionListener@4488f781, org.springframework.boot.test.mock.mockito.MockitoTestExecutionListener@4b42e89e, org.springframework.boot.test.autoconfigure.SpringBootDependencyInjectionTestExecutionListener@3937d748, org.springframework.test.context.support.DirtiesContextTestExecutionListener@61924045, org.springframework.test.context.transaction.TransactionalTestExecutionListener@62258709, org.springframework.test.context.jdbc.SqlScriptsTestExecutionListener@3eff85cb, org.springframework.boot.test.autoconfigure.restdocs.RestDocsTestExecutionListener@39f598cb, org.springframework.boot.test.autoconfigure.web.client.MockRestServiceServerResetTestExecutionListener@4a9677d8, org.springframework.boot.test.autoconfigure.web.servlet.MockMvcPrintOnlyOnFailureTestExecutionListener@445ac4c, org.springframework.boot.test.autoconfigure.web.servlet.WebDriverTestExecutionListener@4656b0d2, org.springframework.boot.test.mock.mockito.ResetMocksTestExecutionListener@53704b13]
]]></system-out>
  <system-err><![CDATA[]]></system-err>
</testsuite>
