<?xml version="1.0" encoding="UTF-8"?>
<testsuite name="co.com.ceiba.dominio.unitaria.service.VehiculoServiceTest" tests="1" skipped="0" failures="0" errors="0" timestamp="2018-07-11T16:58:54" hostname="MILENA-CARDENAS" time="0.952">
  <properties/>
  <testcase name="listarVehiculosTest" classname="co.com.ceiba.dominio.unitaria.service.VehiculoServiceTest" time="0.952"/>
  <system-out><![CDATA[]]></system-out>
  <system-err><![CDATA[]]></system-err>
</testsuite>
