<?xml version="1.0" encoding="UTF-8"?>
<testsuite name="co.com.ceiba.dominio.VehiculoTest" tests="1" skipped="0" failures="0" errors="0" timestamp="2018-07-10T20:07:35" hostname="MILENA-CARDENAS" time="0.0">
  <properties/>
  <testcase name="crearVehiculoTest" classname="co.com.ceiba.dominio.VehiculoTest" time="0.0"/>
  <system-out><![CDATA[]]></system-out>
  <system-err><![CDATA[]]></system-err>
</testsuite>
